2025-10-17 15:23:09,943 - root - INFO - LogManager initialized successfully.
2025-10-17 15:23:09,944 - __main__ - INFO - ==============================================
2025-10-17 15:23:09,944 - __main__ - INFO -       SkyMind Simulation Started
2025-10-17 15:23:09,944 - __main__ - INFO - ==============================================
2025-10-17 15:23:09,945 - __main__ - INFO - Initializing simulation environment...
2025-10-17 15:23:09,945 - __main__ - INFO - Main function reached the end (Simulation run is commented out for now).
2025-10-17 15:23:09,946 - __main__ - INFO - ==============================================
2025-10-17 15:23:09,946 - __main__ - INFO -       SkyMind Simulation Terminated
2025-10-17 15:23:09,946 - __main__ - INFO - ==============================================
2025-10-17 16:11:06,907 - root - INFO - LogManager initialized successfully.
2025-10-17 16:11:06,907 - __main__ - INFO - ==============================================
2025-10-17 16:11:06,908 - __main__ - INFO -       SkyMind Simulation Started
2025-10-17 16:11:06,908 - __main__ - INFO - ==============================================
2025-10-17 16:11:06,909 - __main__ - INFO - Initializing simulation environment...
2025-10-17 16:11:06,909 - Simulation - INFO - Initializing Simulation...
2025-10-17 16:11:07,372 - Simulation - INFO - Starting simulation main loop...
2025-10-17 16:11:16,025 - Simulation - INFO - Simulation main loop finished.
2025-10-17 16:11:16,091 - __main__ - INFO - ==============================================
2025-10-17 16:11:16,096 - __main__ - INFO -       SkyMind Simulation Terminated
2025-10-17 16:11:16,098 - __main__ - INFO - ==============================================
2025-10-17 16:25:40,607 - root - INFO - LogManager initialized successfully.
2025-10-17 16:25:40,608 - __main__ - INFO - ==============================================
2025-10-17 16:25:40,609 - __main__ - INFO -       SkyMind Simulation Started
2025-10-17 16:25:40,609 - __main__ - INFO - ==============================================
2025-10-17 16:25:40,610 - __main__ - INFO - Initializing simulation environment...
2025-10-17 16:25:40,610 - Simulation - INFO - Initializing Simulation...
2025-10-17 16:25:40,610 - __main__ - ERROR - An unhandled exception occurred: 'ConfigLoader' object has no attribute 'get_config'
Traceback (most recent call last):
  File "D:\Payannameh\SkyMind_Sim\skymind_sim\main.py", line 39, in main
    simulation = Simulation()
  File "D:\Payannameh\SkyMind_Sim\skymind_sim\layer_1_simulation\simulation.py", line 17, in __init__
    self.config_sim = config.get_config("simulation")
                      ^^^^^^^^^^^^^^^^^
AttributeError: 'ConfigLoader' object has no attribute 'get_config'
2025-10-17 16:25:40,621 - __main__ - INFO - ==============================================
2025-10-17 16:25:40,621 - __main__ - INFO -       SkyMind Simulation Terminated
2025-10-17 16:25:40,622 - __main__ - INFO - ==============================================
2025-10-17 16:32:47,319 - root - INFO - LogManager initialized successfully.
2025-10-17 16:32:47,321 - __main__ - INFO - ==============================================
2025-10-17 16:32:47,322 - __main__ - INFO -       SkyMind Simulation Started
2025-10-17 16:32:47,322 - __main__ - INFO - ==============================================
2025-10-17 16:32:47,326 - __main__ - INFO - Initializing simulation environment...
2025-10-17 16:32:47,327 - Simulation - INFO - Initializing Simulation...
2025-10-17 16:32:47,327 - __main__ - ERROR - An unhandled exception occurred: 'ConfigLoader' object has no attribute 'get_configs'
Traceback (most recent call last):
  File "D:\Payannameh\SkyMind_Sim\skymind_sim\main.py", line 39, in main
    simulation = Simulation()
  File "D:\Payannameh\SkyMind_Sim\skymind_sim\layer_1_simulation\simulation.py", line 22, in __init__
    all_configs = ConfigLoader().get_configs()
                  ^^^^^^^^^^^^^^^^^^^^^^^^^^
AttributeError: 'ConfigLoader' object has no attribute 'get_configs'
2025-10-17 16:32:47,338 - __main__ - INFO - ==============================================
2025-10-17 16:32:47,339 - __main__ - INFO -       SkyMind Simulation Terminated
2025-10-17 16:32:47,339 - __main__ - INFO - ==============================================
2025-10-17 16:48:50,532 - root - INFO - LogManager initialized successfully.
2025-10-17 16:48:50,534 - __main__ - INFO - ==============================================
2025-10-17 16:48:50,534 - __main__ - INFO -       SkyMind Simulation Started
2025-10-17 16:48:50,535 - __main__ - INFO - ==============================================
2025-10-17 16:48:50,535 - __main__ - INFO - Initializing simulation environment...
2025-10-17 16:48:50,536 - Simulation - INFO - Initializing Simulation...
2025-10-17 16:48:50,536 - __main__ - ERROR - An unhandled exception occurred: 'ConfigLoader' object has no attribute 'get_config'
Traceback (most recent call last):
  File "D:\Payannameh\SkyMind_Sim\skymind_sim\main.py", line 39, in main
    simulation = Simulation()
  File "D:\Payannameh\SkyMind_Sim\skymind_sim\layer_1_simulation\simulation.py", line 26, in __init__
    self.config_sim = config_loader.get_config("simulation") or {}
                      ^^^^^^^^^^^^^^^^^^^^^^^^
AttributeError: 'ConfigLoader' object has no attribute 'get_config'
2025-10-17 16:48:50,545 - __main__ - INFO - ==============================================
2025-10-17 16:48:50,546 - __main__ - INFO -       SkyMind Simulation Terminated
2025-10-17 16:48:50,546 - __main__ - INFO - ==============================================
